<?xml version="1.0" encoding="UTF-8"?>
<testng-results ignored="0" total="1" passed="1" failed="0" skipped="0">
  <reporter-output>
  </reporter-output>
  <suite started-at="2024-12-16T12:57:26 IST" name="Default suite" finished-at="2024-12-16T12:57:54 IST" duration-ms="27657">
    <groups>
    </groups>
    <test started-at="2024-12-16T12:57:26 IST" name="Default test" finished-at="2024-12-16T12:57:54 IST" duration-ms="27657">
      <class name="com.crm.organization.TC_VT_002_Test">
        <test-method is-config="true" signature="reportConfiguration()[pri:0, instance:com.crm.organization.TC_VT_002_Test@75437611]" started-at="2024-12-16T12:57:26 IST" name="reportConfiguration" finished-at="2024-12-16T12:57:26 IST" duration-ms="274" status="PASS">
          <reporter-output>
          </reporter-output>
        </test-method> <!-- reportConfiguration -->
        <test-method is-config="true" signature="launchBrowser(java.lang.String)[pri:0, instance:com.crm.organization.TC_VT_002_Test@75437611]" started-at="2024-12-16T12:57:26 IST" name="launchBrowser" finished-at="2024-12-16T12:57:36 IST" duration-ms="9649" status="PASS">
          <params>
            <param index="0">
              <value>
                <![CDATA[chrome]]>
              </value>
            </param>
          </params>
          <reporter-output>
          </reporter-output>
        </test-method> <!-- launchBrowser -->
        <test-method is-config="true" signature="login()[pri:0, instance:com.crm.organization.TC_VT_002_Test@75437611]" started-at="2024-12-16T12:57:36 IST" name="login" finished-at="2024-12-16T12:57:39 IST" duration-ms="3060" status="PASS">
          <reporter-output>
          </reporter-output>
        </test-method> <!-- login -->
        <test-method signature="createOrganization()[pri:0, instance:com.crm.organization.TC_VT_002_Test@75437611]" started-at="2024-12-16T12:57:39 IST" name="createOrganization" finished-at="2024-12-16T12:57:52 IST" duration-ms="12990" status="PASS">
          <reporter-output>
          </reporter-output>
        </test-method> <!-- createOrganization -->
        <test-method is-config="true" signature="logOut()[pri:0, instance:com.crm.organization.TC_VT_002_Test@75437611]" started-at="2024-12-16T12:57:52 IST" name="logOut" finished-at="2024-12-16T12:57:54 IST" duration-ms="1575" status="PASS">
          <reporter-output>
          </reporter-output>
        </test-method> <!-- logOut -->
        <test-method is-config="true" signature="closeBrowser()[pri:0, instance:com.crm.organization.TC_VT_002_Test@75437611]" started-at="2024-12-16T12:57:54 IST" name="closeBrowser" finished-at="2024-12-16T12:57:54 IST" duration-ms="317" status="PASS">
          <reporter-output>
          </reporter-output>
        </test-method> <!-- closeBrowser -->
        <test-method is-config="true" signature="reportBackup()[pri:0, instance:com.crm.organization.TC_VT_002_Test@75437611]" started-at="2024-12-16T12:57:54 IST" name="reportBackup" finished-at="2024-12-16T12:57:55 IST" duration-ms="506" status="PASS">
          <reporter-output>
          </reporter-output>
        </test-method> <!-- reportBackup -->
      </class> <!-- com.crm.organization.TC_VT_002_Test -->
    </test> <!-- Default test -->
  </suite> <!-- Default suite -->
</testng-results>
